<?xml version="1.0" encoding="UTF-8"?>
<!-- Generated by org.testng.reporters.JUnitReportReporter -->
<testsuite hostname="JoMedias-Mac-mini.local" name="selenium.PlayMusic" tests="1" failures="1" timestamp="19 Sep 2014 13:57:36 GMT" time="0.013" errors="0">
  <testcase name="playAnyAlbumByUsingThePlayButtonOverTheImage" time="0.013" classname="selenium.PlayMusic">
    <failure type="java.lang.StackOverflowError">
      <![CDATA[java.lang.StackOverflowError
	at applogic1.ApplicationManager1.getMusicHelper(ApplicationManager1.java:69)
	at applogic1.ApplicationManager1.getMusicHelper(ApplicationManager1.java:69)
	at applogic1.ApplicationManager1.getMusicHelper(ApplicationManager1.java:69)
	at applogic1.ApplicationManager1.getMusicHelper(ApplicationManager1.java:69)
	at applogic1.ApplicationManager1.getMusicHelper(ApplicationManager1.java:69)
	at applogic1.ApplicationManager1.getMusicHelper(ApplicationManager1.java:69)
	at applogic1.ApplicationManager1.getMusicHelper(ApplicationManager1.java:69)
	at applogic1.ApplicationManager1.getMusicHelper(ApplicationManager1.java:69)
	at applogic1.ApplicationManager1.getMusicHelper(ApplicationManager1.java:69)
	at applogic1.ApplicationManager1.getMusicHelper(ApplicationManager1.java:69)
	at applogic1.ApplicationManager1.getMusicHelper(ApplicationManager1.java:69)
	at applogic1.ApplicationManager1.getMusicHelper(ApplicationManager1.java:69)
	at applogic1.ApplicationManager1.getMusicHelper(ApplicationManager1.java:69)
	at applogic1.ApplicationManager1.getMusicHelper(ApplicationManager1.java:69)
	at applogic1.ApplicationManager1.getMusicHelper(ApplicationManager1.java:69)
	at applogic1.ApplicationManager1.getMusicHelper(ApplicationManager1.java:69)
	at applogic1.ApplicationManager1.getMusicHelper(ApplicationManager1.java:69)
	at applogic1.ApplicationManager1.getMusicHelper(ApplicationManager1.java:69)
	at applogic1.ApplicationManager1.getMusicHelper(ApplicationManager1.java:69)
	at applogic1.ApplicationManager1.getMusicHelper(ApplicationManager1.java:69)
	at applogic1.ApplicationManager1.getMusicHelper(ApplicationManager1.java:69)
	at applogic1.ApplicationManager1.getMusicHelper(ApplicationManager1.java:69)
	at applogic1.ApplicationManager1.getMusicHelper(ApplicationManager1.java:69)
	at applogic1.ApplicationManager1.getMusicHelper(ApplicationManager1.java:69)
	at applogic1.ApplicationManager1.getMusicHelper(ApplicationManager1.java:69)
	at applogic1.ApplicationManager1.getMusicHelper(ApplicationManager1.java:69)
	at applogic1.ApplicationManager1.getMusicHelper(ApplicationManager1.java:69)
	at applogic1.ApplicationManager1.getMusicHelper(ApplicationManager1.java:69)
	at applogic1.ApplicationManager1.getMusicHelper(ApplicationManager1.java:69)
	at applogic1.ApplicationManager1.getMusicHelper(ApplicationManager1.java:69)
	at applogic1.ApplicationManager1.getMusicHelper(ApplicationManager1.java:69)
	at applogic1.ApplicationManager1.getMusicHelper(ApplicationManager1.java:69)
	at applogic1.ApplicationManager1.getMusicHelper(ApplicationManager1.java:69)
	at applogic1.ApplicationManager1.getMusicHelper(ApplicationManager1.java:69)
	at applogic1.ApplicationManager1.getMusicHelper(ApplicationManager1.java:69)
	at applogic1.ApplicationManager1.getMusicHelper(ApplicationManager1.java:69)
	at applogic1.ApplicationManager1.getMusicHelper(ApplicationManager1.java:69)
	at applogic1.ApplicationManager1.getMusicHelper(ApplicationManager1.java:69)
	at applogic1.ApplicationManager1.getMusicHelper(ApplicationManager1.java:69)
	at applogic1.ApplicationManager1.getMusicHelper(ApplicationManager1.java:69)
	at applogic1.ApplicationManager1.getMusicHelper(ApplicationManager1.java:69)
	at applogic1.ApplicationManager1.getMusicHelper(ApplicationManager1.java:69)
	at applogic1.ApplicationManager1.getMusicHelper(ApplicationManager1.java:69)
	at applogic1.ApplicationManager1.getMusicHelper(ApplicationManager1.java:69)
	at applogic1.ApplicationManager1.getMusicHelper(ApplicationManager1.java:69)
	at applogic1.ApplicationManager1.getMusicHelper(ApplicationManager1.java:69)
	at applogic1.ApplicationManager1.getMusicHelper(ApplicationManager1.java:69)
	at applogic1.ApplicationManager1.getMusicHelper(ApplicationManager1.java:69)
	at applogic1.ApplicationManager1.getMusicHelper(ApplicationManager1.java:69)
	at applogic1.ApplicationManager1.getMusicHelper(ApplicationManager1.java:69)
	at applogic1.ApplicationManager1.getMusicHelper(ApplicationManager1.java:69)
	at applogic1.ApplicationManager1.getMusicHelper(ApplicationManager1.java:69)
	at applogic1.ApplicationManager1.getMusicHelper(ApplicationManager1.java:69)
	at applogic1.ApplicationManager1.getMusicHelper(ApplicationManager1.java:69)
	at applogic1.ApplicationManager1.getMusicHelper(ApplicationManager1.java:69)
	at applogic1.ApplicationManager1.getMusicHelper(ApplicationManager1.java:69)
	at applogic1.ApplicationManager1.getMusicHelper(ApplicationManager1.java:69)
	at applogic1.ApplicationManager1.getMusicHelper(ApplicationManager1.java:69)
	at applogic1.ApplicationManager1.getMusicHelper(ApplicationManager1.java:69)
	at applogic1.ApplicationManager1.getMusicHelper(ApplicationManager1.java:69)
	at applogic1.ApplicationManager1.getMusicHelper(ApplicationManager1.java:69)
	at applogic1.ApplicationManager1.getMusicHelper(ApplicationManager1.java:69)
	at applogic1.ApplicationManager1.getMusicHelper(ApplicationManager1.java:69)
	at applogic1.ApplicationManager1.getMusicHelper(ApplicationManager1.java:69)
	at applogic1.ApplicationManager1.getMusicHelper(ApplicationManager1.java:69)
	at applogic1.ApplicationManager1.getMusicHelper(ApplicationManager1.java:69)
	at applogic1.ApplicationManager1.getMusicHelper(ApplicationManager1.java:69)
	at applogic1.ApplicationManager1.getMusicHelper(ApplicationManager1.java:69)
	at applogic1.ApplicationManager1.getMusicHelper(ApplicationManager1.java:69)
	at applogic1.ApplicationManager1.getMusicHelper(ApplicationManager1.java:69)
	at applogic1.ApplicationManager1.getMusicHelper(ApplicationManager1.java:69)
	at applogic1.ApplicationManager1.getMusicHelper(ApplicationManager1.java:69)
	at applogic1.ApplicationManager1.getMusicHelper(ApplicationManager1.java:69)
	at applogic1.ApplicationManager1.getMusicHelper(ApplicationManager1.java:69)
	at applogic1.ApplicationManager1.getMusicHelper(ApplicationManager1.java:69)
	at applogic1.ApplicationManager1.getMusicHelper(ApplicationManager1.java:69)
	at applogic1.ApplicationManager1.getMusicHelper(ApplicationManager1.java:69)
	at applogic1.ApplicationManager1.getMusicHelper(ApplicationManager1.java:69)
	at applogic1.ApplicationManager1.getMusicHelper(ApplicationManager1.java:69)
	at applogic1.ApplicationManager1.getMusicHelper(ApplicationManager1.java:69)
	at applogic1.ApplicationManager1.getMusicHelper(ApplicationManager1.java:69)
	at applogic1.ApplicationManager1.getMusicHelper(ApplicationManager1.java:69)
	at applogic1.ApplicationManager1.getMusicHelper(ApplicationManager1.java:69)
	at applogic1.ApplicationManager1.getMusicHelper(ApplicationManager1.java:69)
	at applogic1.ApplicationManager1.getMusicHelper(ApplicationManager1.java:69)
	at applogic1.ApplicationManager1.getMusicHelper(ApplicationManager1.java:69)
	at applogic1.ApplicationManager1.getMusicHelper(ApplicationManager1.java:69)
	at applogic1.ApplicationManager1.getMusicHelper(ApplicationManager1.java:69)
	at applogic1.ApplicationManager1.getMusicHelper(ApplicationManager1.java:69)
	at applogic1.ApplicationManager1.getMusicHelper(ApplicationManager1.java:69)
	at applogic1.ApplicationManager1.getMusicHelper(ApplicationManager1.java:69)
	at applogic1.ApplicationManager1.getMusicHelper(ApplicationManager1.java:69)
	at applogic1.ApplicationManager1.getMusicHelper(ApplicationManager1.java:69)
	at applogic1.ApplicationManager1.getMusicHelper(ApplicationManager1.java:69)
	at applogic1.ApplicationManager1.getMusicHelper(ApplicationManager1.java:69)
	at applogic1.ApplicationManager1.getMusicHelper(ApplicationManager1.java:69)
	at applogic1.ApplicationManager1.getMusicHelper(ApplicationManager1.java:69)
	at applogic1.ApplicationManager1.getMusicHelper(ApplicationManager1.java:69)
	at applogic1.ApplicationManager1.getMusicHelper(ApplicationManager1.java:69)
	at applogic1.ApplicationManager1.getMusicHelper(ApplicationManager1.java:69)
	at applogic1.ApplicationManager1.getMusicHelper(ApplicationManager1.java:69)
	at applogic1.ApplicationManager1.getMusicHelper(ApplicationManager1.java:69)
	at applogic1.ApplicationManager1.getMusicHelper(ApplicationManager1.java:69)
	at applogic1.ApplicationManager1.getMusicHelper(ApplicationManager1.java:69)
	at applogic1.ApplicationManager1.getMusicHelper(ApplicationManager1.java:69)
	at applogic1.ApplicationManager1.getMusicHelper(ApplicationManager1.java:69)
	at applogic1.ApplicationManager1.getMusicHelper(ApplicationManager1.java:69)
	at applogic1.ApplicationManager1.getMusicHelper(ApplicationManager1.java:69)
	at applogic1.ApplicationManager1.getMusicHelper(ApplicationManager1.java:69)
	at applogic1.ApplicationManager1.getMusicHelper(ApplicationManager1.java:69)
	at applogic1.ApplicationManager1.getMusicHelper(ApplicationManager1.java:69)
	at applogic1.ApplicationManager1.getMusicHelper(ApplicationManager1.java:69)
	at applogic1.ApplicationManager1.getMusicHelper(ApplicationManager1.java:69)
	at applogic1.ApplicationManager1.getMusicHelper(ApplicationManager1.java:69)
	at applogic1.ApplicationManager1.getMusicHelper(ApplicationManager1.java:69)
	at applogic1.ApplicationManager1.getMusicHelper(ApplicationManager1.java:69)
	at applogic1.ApplicationManager1.getMusicHelper(ApplicationManager1.java:69)
	at applogic1.ApplicationManager1.getMusicHelper(ApplicationManager1.java:69)
	at applogic1.ApplicationManager1.getMusicHelper(ApplicationManager1.java:69)
	at applogic1.ApplicationManager1.getMusicHelper(ApplicationManager1.java:69)
	at applogic1.ApplicationManager1.getMusicHelper(ApplicationManager1.java:69)
	at applogic1.ApplicationManager1.getMusicHelper(ApplicationManager1.java:69)
	at applogic1.ApplicationManager1.getMusicHelper(ApplicationManager1.java:69)
	at applogic1.ApplicationManager1.getMusicHelper(ApplicationManager1.java:69)
	at applogic1.ApplicationManager1.getMusicHelper(ApplicationManager1.java:69)
	at applogic1.ApplicationManager1.getMusicHelper(ApplicationManager1.java:69)
	at applogic1.ApplicationManager1.getMusicHelper(ApplicationManager1.java:69)
	at applogic1.ApplicationManager1.getMusicHelper(ApplicationManager1.java:69)
	at applogic1.ApplicationManager1.getMusicHelper(ApplicationManager1.java:69)
	at applogic1.ApplicationManager1.getMusicHelper(ApplicationManager1.java:69)
	at applogic1.ApplicationManager1.getMusicHelper(ApplicationManager1.java:69)
	at applogic1.ApplicationManager1.getMusicHelper(ApplicationManager1.java:69)
	at applogic1.ApplicationManager1.getMusicHelper(ApplicationManager1.java:69)
	at applogic1.ApplicationManager1.getMusicHelper(ApplicationManager1.java:69)
	at applogic1.ApplicationManager1.getMusicHelper(ApplicationManager1.java:69)
	at applogic1.ApplicationManager1.getMusicHelper(ApplicationManager1.java:69)
	at applogic1.ApplicationManager1.getMusicHelper(ApplicationManager1.java:69)
	at applogic1.ApplicationManager1.getMusicHelper(ApplicationManager1.java:69)
	at applogic1.ApplicationManager1.getMusicHelper(ApplicationManager1.java:69)
	at applogic1.ApplicationManager1.getMusicHelper(ApplicationManager1.java:69)
	at applogic1.ApplicationManager1.getMusicHelper(ApplicationManager1.java:69)
	at applogic1.ApplicationManager1.getMusicHelper(ApplicationManager1.java:69)
	at applogic1.ApplicationManager1.getMusicHelper(ApplicationManager1.java:69)
	at applogic1.ApplicationManager1.getMusicHelper(ApplicationManager1.java:69)
	at applogic1.ApplicationManager1.getMusicHelper(ApplicationManager1.java:69)
	at applogic1.ApplicationManager1.getMusicHelper(ApplicationManager1.java:69)
	at applogic1.ApplicationManager1.getMusicHelper(ApplicationManager1.java:69)
	at applogic1.ApplicationManager1.getMusicHelper(ApplicationManager1.java:69)
	at applogic1.ApplicationManager1.getMusicHelper(ApplicationManager1.java:69)
	at applogic1.ApplicationManager1.getMusicHelper(ApplicationManager1.java:69)
	at applogic1.ApplicationManager1.getMusicHelper(ApplicationManager1.java:69)
	at applogic1.ApplicationManager1.getMusicHelper(ApplicationManager1.java:69)
	at applogic1.ApplicationManager1.getMusicHelper(ApplicationManager1.java:69)
	at applogic1.ApplicationManager1.getMusicHelper(ApplicationManager1.java:69)
	at applogic1.ApplicationManager1.getMusicHelper(ApplicationManager1.java:69)
	at applogic1.ApplicationManager1.getMusicHelper(ApplicationManager1.java:69)
	at applogic1.ApplicationManager1.getMusicHelper(ApplicationManager1.java:69)
	at applogic1.ApplicationManager1.getMusicHelper(ApplicationManager1.java:69)
	at applogic1.ApplicationManager1.getMusicHelper(ApplicationManager1.java:69)
	at applogic1.ApplicationManager1.getMusicHelper(ApplicationManager1.java:69)
	at applogic1.ApplicationManager1.getMusicHelper(ApplicationManager1.java:69)
	at applogic1.ApplicationManager1.getMusicHelper(ApplicationManager1.java:69)
	at applogic1.ApplicationManager1.getMusicHelper(ApplicationManager1.java:69)
	at applogic1.ApplicationManager1.getMusicHelper(ApplicationManager1.java:69)
	at applogic1.ApplicationManager1.getMusicHelper(ApplicationManager1.java:69)
	at applogic1.ApplicationManager1.getMusicHelper(ApplicationManager1.java:69)
	at applogic1.ApplicationManager1.getMusicHelper(ApplicationManager1.java:69)
	at applogic1.ApplicationManager1.getMusicHelper(ApplicationManager1.java:69)
	at applogic1.ApplicationManager1.getMusicHelper(ApplicationManager1.java:69)
	at applogic1.ApplicationManager1.getMusicHelper(ApplicationManager1.java:69)
	at applogic1.ApplicationManager1.getMusicHelper(ApplicationManager1.java:69)
	at applogic1.ApplicationManager1.getMusicHelper(ApplicationManager1.java:69)
	at applogic1.ApplicationManager1.getMusicHelper(ApplicationManager1.java:69)
	at applogic1.ApplicationManager1.getMusicHelper(ApplicationManager1.java:69)
	at applogic1.ApplicationManager1.getMusicHelper(ApplicationManager1.java:69)
	at applogic1.ApplicationManager1.getMusicHelper(ApplicationManager1.java:69)
	at applogic1.ApplicationManager1.getMusicHelper(ApplicationManager1.java:69)
	at applogic1.ApplicationManager1.getMusicHelper(ApplicationManager1.java:69)
	at applogic1.ApplicationManager1.getMusicHelper(ApplicationManager1.java:69)
	at applogic1.ApplicationManager1.getMusicHelper(ApplicationManager1.java:69)
	at applogic1.ApplicationManager1.getMusicHelper(ApplicationManager1.java:69)
	at applogic1.ApplicationManager1.getMusicHelper(ApplicationManager1.java:69)
	at applogic1.ApplicationManager1.getMusicHelper(ApplicationManager1.java:69)
	at applogic1.ApplicationManager1.getMusicHelper(ApplicationManager1.java:69)
	at applogic1.ApplicationManager1.getMusicHelper(ApplicationManager1.java:69)
	at applogic1.ApplicationManager1.getMusicHelper(ApplicationManager1.java:69)
	at applogic1.ApplicationManager1.getMusicHelper(ApplicationManager1.java:69)
	at applogic1.ApplicationManager1.getMusicHelper(ApplicationManager1.java:69)
	at applogic1.ApplicationManager1.getMusicHelper(ApplicationManager1.java:69)
	at applogic1.ApplicationManager1.getMusicHelper(ApplicationManager1.java:69)
	at applogic1.ApplicationManager1.getMusicHelper(ApplicationManager1.java:69)
	at applogic1.ApplicationManager1.getMusicHelper(ApplicationManager1.java:69)
	at applogic1.ApplicationManager1.getMusicHelper(ApplicationManager1.java:69)
	at applogic1.ApplicationManager1.getMusicHelper(ApplicationManager1.java:69)
	at applogic1.ApplicationManager1.getMusicHelper(ApplicationManager1.java:69)
	at applogic1.ApplicationManager1.getMusicHelper(ApplicationManager1.java:69)
	at applogic1.ApplicationManager1.getMusicHelper(ApplicationManager1.java:69)
	at applogic1.ApplicationManager1.getMusicHelper(ApplicationManager1.java:69)
	at applogic1.ApplicationManager1.getMusicHelper(ApplicationManager1.java:69)
	at applogic1.ApplicationManager1.getMusicHelper(ApplicationManager1.java:69)
	at applogic1.ApplicationManager1.getMusicHelper(ApplicationManager1.java:69)
	at applogic1.ApplicationManager1.getMusicHelper(ApplicationManager1.java:69)
	at applogic1.ApplicationManager1.getMusicHelper(ApplicationManager1.java:69)
	at applogic1.ApplicationManager1.getMusicHelper(ApplicationManager1.java:69)
	at applogic1.ApplicationManager1.getMusicHelper(ApplicationManager1.java:69)
	at applogic1.ApplicationManager1.getMusicHelper(ApplicationManager1.java:69)
	at applogic1.ApplicationManager1.getMusicHelper(ApplicationManager1.java:69)
	at applogic1.ApplicationManager1.getMusicHelper(ApplicationManager1.java:69)
	at applogic1.ApplicationManager1.getMusicHelper(ApplicationManager1.java:69)
	at applogic1.ApplicationManager1.getMusicHelper(ApplicationManager1.java:69)
	at applogic1.ApplicationManager1.getMusicHelper(ApplicationManager1.java:69)
	at applogic1.ApplicationManager1.getMusicHelper(ApplicationManager1.java:69)
	at applogic1.ApplicationManager1.getMusicHelper(ApplicationManager1.java:69)
	at applogic1.ApplicationManager1.getMusicHelper(ApplicationManager1.java:69)
	at applogic1.ApplicationManager1.getMusicHelper(ApplicationManager1.java:69)
	at applogic1.ApplicationManager1.getMusicHelper(ApplicationManager1.java:69)
	at applogic1.ApplicationManager1.getMusicHelper(ApplicationManager1.java:69)
	at applogic1.ApplicationManager1.getMusicHelper(ApplicationManager1.java:69)
	at applogic1.ApplicationManager1.getMusicHelper(ApplicationManager1.java:69)
	at applogic1.ApplicationManager1.getMusicHelper(ApplicationManager1.java:69)
	at applogic1.ApplicationManager1.getMusicHelper(ApplicationManager1.java:69)
	at applogic1.ApplicationManager1.getMusicHelper(ApplicationManager1.java:69)
	at applogic1.ApplicationManager1.getMusicHelper(ApplicationManager1.java:69)
	at applogic1.ApplicationManager1.getMusicHelper(ApplicationManager1.java:69)
	at applogic1.ApplicationManager1.getMusicHelper(ApplicationManager1.java:69)
	at applogic1.ApplicationManager1.getMusicHelper(ApplicationManager1.java:69)
	at applogic1.ApplicationManager1.getMusicHelper(ApplicationManager1.java:69)
	at applogic1.ApplicationManager1.getMusicHelper(ApplicationManager1.java:69)
	at applogic1.ApplicationManager1.getMusicHelper(ApplicationManager1.java:69)
	at applogic1.ApplicationManager1.getMusicHelper(ApplicationManager1.java:69)
	at applogic1.ApplicationManager1.getMusicHelper(ApplicationManager1.java:69)
	at applogic1.ApplicationManager1.getMusicHelper(ApplicationManager1.java:69)
	at applogic1.ApplicationManager1.getMusicHelper(ApplicationManager1.java:69)
	at applogic1.ApplicationManager1.getMusicHelper(ApplicationManager1.java:69)
	at applogic1.ApplicationManager1.getMusicHelper(ApplicationManager1.java:69)
	at applogic1.ApplicationManager1.getMusicHelper(ApplicationManager1.java:69)
	at applogic1.ApplicationManager1.getMusicHelper(ApplicationManager1.java:69)
	at applogic1.ApplicationManager1.getMusicHelper(ApplicationManager1.java:69)
	at applogic1.ApplicationManager1.getMusicHelper(ApplicationManager1.java:69)
	at applogic1.ApplicationManager1.getMusicHelper(ApplicationManager1.java:69)
	at applogic1.ApplicationManager1.getMusicHelper(ApplicationManager1.java:69)
	at applogic1.ApplicationManager1.getMusicHelper(ApplicationManager1.java:69)
	at applogic1.ApplicationManager1.getMusicHelper(ApplicationManager1.java:69)
	at applogic1.ApplicationManager1.getMusicHelper(ApplicationManager1.java:69)
	at applogic1.ApplicationManager1.getMusicHelper(ApplicationManager1.java:69)
	at applogic1.ApplicationManager1.getMusicHelper(ApplicationManager1.java:69)
	at applogic1.ApplicationManager1.getMusicHelper(ApplicationManager1.java:69)
	at applogic1.ApplicationManager1.getMusicHelper(ApplicationManager1.java:69)
	at applogic1.ApplicationManager1.getMusicHelper(ApplicationManager1.java:69)
	at applogic1.ApplicationManager1.getMusicHelper(ApplicationManager1.java:69)
	at applogic1.ApplicationManager1.getMusicHelper(ApplicationManager1.java:69)
	at applogic1.ApplicationManager1.getMusicHelper(ApplicationManager1.java:69)
	at applogic1.ApplicationManager1.getMusicHelper(ApplicationManager1.java:69)
	at applogic1.ApplicationManager1.getMusicHelper(ApplicationManager1.java:69)
	at applogic1.ApplicationManager1.getMusicHelper(ApplicationManager1.java:69)
	at applogic1.ApplicationManager1.getMusicHelper(ApplicationManager1.java:69)
	at applogic1.ApplicationManager1.getMusicHelper(ApplicationManager1.java:69)
	at applogic1.ApplicationManager1.getMusicHelper(ApplicationManager1.java:69)
	at applogic1.ApplicationManager1.getMusicHelper(ApplicationManager1.java:69)
	at applogic1.ApplicationManager1.getMusicHelper(ApplicationManager1.java:69)
	at applogic1.ApplicationManager1.getMusicHelper(ApplicationManager1.java:69)
	at applogic1.ApplicationManager1.getMusicHelper(ApplicationManager1.java:69)
	at applogic1.ApplicationManager1.getMusicHelper(ApplicationManager1.java:69)
	at applogic1.ApplicationManager1.getMusicHelper(ApplicationManager1.java:69)
	at applogic1.ApplicationManager1.getMusicHelper(ApplicationManager1.java:69)
	at applogic1.ApplicationManager1.getMusicHelper(ApplicationManager1.java:69)
	at applogic1.ApplicationManager1.getMusicHelper(ApplicationManager1.java:69)
	at applogic1.ApplicationManager1.getMusicHelper(ApplicationManager1.java:69)
	at applogic1.ApplicationManager1.getMusicHelper(ApplicationManager1.java:69)
	at applogic1.ApplicationManager1.getMusicHelper(ApplicationManager1.java:69)
	at applogic1.ApplicationManager1.getMusicHelper(ApplicationManager1.java:69)
	at applogic1.ApplicationManager1.getMusicHelper(ApplicationManager1.java:69)
	at applogic1.ApplicationManager1.getMusicHelper(ApplicationManager1.java:69)
	at applogic1.ApplicationManager1.getMusicHelper(ApplicationManager1.java:69)
	at applogic1.ApplicationManager1.getMusicHelper(ApplicationManager1.java:69)
	at applogic1.ApplicationManager1.getMusicHelper(ApplicationManager1.java:69)
	at applogic1.ApplicationManager1.getMusicHelper(ApplicationManager1.java:69)
	at applogic1.ApplicationManager1.getMusicHelper(ApplicationManager1.java:69)
	at applogic1.ApplicationManager1.getMusicHelper(ApplicationManager1.java:69)
	at applogic1.ApplicationManager1.getMusicHelper(ApplicationManager1.java:69)
	at applogic1.ApplicationManager1.getMusicHelper(ApplicationManager1.java:69)
	at applogic1.ApplicationManager1.getMusicHelper(ApplicationManager1.java:69)
	at applogic1.ApplicationManager1.getMusicHelper(ApplicationManager1.java:69)
	at applogic1.ApplicationManager1.getMusicHelper(ApplicationManager1.java:69)
	at applogic1.ApplicationManager1.getMusicHelper(ApplicationManager1.java:69)
	at applogic1.ApplicationManager1.getMusicHelper(ApplicationManager1.java:69)
	at applogic1.ApplicationManager1.getMusicHelper(ApplicationManager1.java:69)
	at applogic1.ApplicationManager1.getMusicHelper(ApplicationManager1.java:69)
	at applogic1.ApplicationManager1.getMusicHelper(ApplicationManager1.java:69)
	at applogic1.ApplicationManager1.getMusicHelper(ApplicationManager1.java:69)
	at applogic1.ApplicationManager1.getMusicHelper(ApplicationManager1.java:69)
	at applogic1.ApplicationManager1.getMusicHelper(ApplicationManager1.java:69)
	at applogic1.ApplicationManager1.getMusicHelper(ApplicationManager1.java:69)
	at applogic1.ApplicationManager1.getMusicHelper(ApplicationManager1.java:69)
	at applogic1.ApplicationManager1.getMusicHelper(ApplicationManager1.java:69)
	at applogic1.ApplicationManager1.getMusicHelper(ApplicationManager1.java:69)
	at applogic1.ApplicationManager1.getMusicHelper(ApplicationManager1.java:69)
	at applogic1.ApplicationManager1.getMusicHelper(ApplicationManager1.java:69)
	at applogic1.ApplicationManager1.getMusicHelper(ApplicationManager1.java:69)
	at applogic1.ApplicationManager1.getMusicHelper(ApplicationManager1.java:69)
	at applogic1.ApplicationManager1.getMusicHelper(ApplicationManager1.java:69)
	at applogic1.ApplicationManager1.getMusicHelper(ApplicationManager1.java:69)
	at applogic1.ApplicationManager1.getMusicHelper(ApplicationManager1.java:69)
	at applogic1.ApplicationManager1.getMusicHelper(ApplicationManager1.java:69)
	at applogic1.ApplicationManager1.getMusicHelper(ApplicationManager1.java:69)
	at applogic1.ApplicationManager1.getMusicHelper(ApplicationManager1.java:69)
	at applogic1.ApplicationManager1.getMusicHelper(ApplicationManager1.java:69)
	at applogic1.ApplicationManager1.getMusicHelper(ApplicationManager1.java:69)
	at applogic1.ApplicationManager1.getMusicHelper(ApplicationManager1.java:69)
	at applogic1.ApplicationManager1.getMusicHelper(ApplicationManager1.java:69)
	at applogic1.ApplicationManager1.getMusicHelper(ApplicationManager1.java:69)
	at applogic1.ApplicationManager1.getMusicHelper(ApplicationManager1.java:69)
	at applogic1.ApplicationManager1.getMusicHelper(ApplicationManager1.java:69)
	at applogic1.ApplicationManager1.getMusicHelper(ApplicationManager1.java:69)
	at applogic1.ApplicationManager1.getMusicHelper(ApplicationManager1.java:69)
	at applogic1.ApplicationManager1.getMusicHelper(ApplicationManager1.java:69)
	at applogic1.ApplicationManager1.getMusicHelper(ApplicationManager1.java:69)
	at applogic1.ApplicationManager1.getMusicHelper(ApplicationManager1.java:69)
	at applogic1.ApplicationManager1.getMusicHelper(ApplicationManager1.java:69)
	at applogic1.ApplicationManager1.getMusicHelper(ApplicationManager1.java:69)
	at applogic1.ApplicationManager1.getMusicHelper(ApplicationManager1.java:69)
	at applogic1.ApplicationManager1.getMusicHelper(ApplicationManager1.java:69)
	at applogic1.ApplicationManager1.getMusicHelper(ApplicationManager1.java:69)
	at applogic1.ApplicationManager1.getMusicHelper(ApplicationManager1.java:69)
	at applogic1.ApplicationManager1.getMusicHelper(ApplicationManager1.java:69)
	at applogic1.ApplicationManager1.getMusicHelper(ApplicationManager1.java:69)
	at applogic1.ApplicationManager1.getMusicHelper(ApplicationManager1.java:69)
	at applogic1.ApplicationManager1.getMusicHelper(ApplicationManager1.java:69)
	at applogic1.ApplicationManager1.getMusicHelper(ApplicationManager1.java:69)
	at applogic1.ApplicationManager1.getMusicHelper(ApplicationManager1.java:69)
	at applogic1.ApplicationManager1.getMusicHelper(ApplicationManager1.java:69)
	at applogic1.ApplicationManager1.getMusicHelper(ApplicationManager1.java:69)
	at applogic1.ApplicationManager1.getMusicHelper(ApplicationManager1.java:69)
	at applogic1.ApplicationManager1.getMusicHelper(ApplicationManager1.java:69)
	at applogic1.ApplicationManager1.getMusicHelper(ApplicationManager1.java:69)
	at applogic1.ApplicationManager1.getMusicHelper(ApplicationManager1.java:69)
	at applogic1.ApplicationManager1.getMusicHelper(ApplicationManager1.java:69)
	at applogic1.ApplicationManager1.getMusicHelper(ApplicationManager1.java:69)
	at applogic1.ApplicationManager1.getMusicHelper(ApplicationManager1.java:69)
	at applogic1.ApplicationManager1.getMusicHelper(ApplicationManager1.java:69)
	at applogic1.ApplicationManager1.getMusicHelper(ApplicationManager1.java:69)
	at applogic1.ApplicationManager1.getMusicHelper(ApplicationManager1.java:69)
	at applogic1.ApplicationManager1.getMusicHelper(ApplicationManager1.java:69)
	at applogic1.ApplicationManager1.getMusicHelper(ApplicationManager1.java:69)
	at applogic1.ApplicationManager1.getMusicHelper(ApplicationManager1.java:69)
	at applogic1.ApplicationManager1.getMusicHelper(ApplicationManager1.java:69)
	at applogic1.ApplicationManager1.getMusicHelper(ApplicationManager1.java:69)
	at applogic1.ApplicationManager1.getMusicHelper(ApplicationManager1.java:69)
	at applogic1.ApplicationManager1.getMusicHelper(ApplicationManager1.java:69)
	at applogic1.ApplicationManager1.getMusicHelper(ApplicationManager1.java:69)
	at applogic1.ApplicationManager1.getMusicHelper(ApplicationManager1.java:69)
	at applogic1.ApplicationManager1.getMusicHelper(ApplicationManager1.java:69)
	at applogic1.ApplicationManager1.getMusicHelper(ApplicationManager1.java:69)
	at applogic1.ApplicationManager1.getMusicHelper(ApplicationManager1.java:69)
	at applogic1.ApplicationManager1.getMusicHelper(ApplicationManager1.java:69)
	at applogic1.ApplicationManager1.getMusicHelper(ApplicationManager1.java:69)
	at applogic1.ApplicationManager1.getMusicHelper(ApplicationManager1.java:69)
	at applogic1.ApplicationManager1.getMusicHelper(ApplicationManager1.java:69)
	at applogic1.ApplicationManager1.getMusicHelper(ApplicationManager1.java:69)
	at applogic1.ApplicationManager1.getMusicHelper(ApplicationManager1.java:69)
	at applogic1.ApplicationManager1.getMusicHelper(ApplicationManager1.java:69)
	at applogic1.ApplicationManager1.getMusicHelper(ApplicationManager1.java:69)
	at applogic1.ApplicationManager1.getMusicHelper(ApplicationManager1.java:69)
	at applogic1.ApplicationManager1.getMusicHelper(ApplicationManager1.java:69)
	at applogic1.ApplicationManager1.getMusicHelper(ApplicationManager1.java:69)
	at applogic1.ApplicationManager1.getMusicHelper(ApplicationManager1.java:69)
	at applogic1.ApplicationManager1.getMusicHelper(ApplicationManager1.java:69)
	at applogic1.ApplicationManager1.getMusicHelper(ApplicationManager1.java:69)
	at applogic1.ApplicationManager1.getMusicHelper(ApplicationManager1.java:69)
	at applogic1.ApplicationManager1.getMusicHelper(ApplicationManager1.java:69)
	at applogic1.ApplicationManager1.getMusicHelper(ApplicationManager1.java:69)
	at applogic1.ApplicationManager1.getMusicHelper(ApplicationManager1.java:69)
	at applogic1.ApplicationManager1.getMusicHelper(ApplicationManager1.java:69)
	at applogic1.ApplicationManager1.getMusicHelper(ApplicationManager1.java:69)
	at applogic1.ApplicationManager1.getMusicHelper(ApplicationManager1.java:69)
	at applogic1.ApplicationManager1.getMusicHelper(ApplicationManager1.java:69)
	at applogic1.ApplicationManager1.getMusicHelper(ApplicationManager1.java:69)
	at applogic1.ApplicationManager1.getMusicHelper(ApplicationManager1.java:69)
	at applogic1.ApplicationManager1.getMusicHelper(ApplicationManager1.java:69)
	at applogic1.ApplicationManager1.getMusicHelper(ApplicationManager1.java:69)
	at applogic1.ApplicationManager1.getMusicHelper(ApplicationManager1.java:69)
	at applogic1.ApplicationManager1.getMusicHelper(ApplicationManager1.java:69)
	at applogic1.ApplicationManager1.getMusicHelper(ApplicationManager1.java:69)
	at applogic1.ApplicationManager1.getMusicHelper(ApplicationManager1.java:69)
	at applogic1.ApplicationManager1.getMusicHelper(ApplicationManager1.java:69)
	at applogic1.ApplicationManager1.getMusicHelper(ApplicationManager1.java:69)
	at applogic1.ApplicationManager1.getMusicHelper(ApplicationManager1.java:69)
	at applogic1.ApplicationManager1.getMusicHelper(ApplicationManager1.java:69)
	at applogic1.ApplicationManager1.getMusicHelper(ApplicationManager1.java:69)
	at applogic1.ApplicationManager1.getMusicHelper(ApplicationManager1.java:69)
	at applogic1.ApplicationManager1.getMusicHelper(ApplicationManager1.java:69)
	at applogic1.ApplicationManager1.getMusicHelper(ApplicationManager1.java:69)
	at applogic1.ApplicationManager1.getMusicHelper(ApplicationManager1.java:69)
	at applogic1.ApplicationManager1.getMusicHelper(ApplicationManager1.java:69)
	at applogic1.ApplicationManager1.getMusicHelper(ApplicationManager1.java:69)
	at applogic1.ApplicationManager1.getMusicHelper(ApplicationManager1.java:69)
	at applogic1.ApplicationManager1.getMusicHelper(ApplicationManager1.java:69)
	at applogic1.ApplicationManager1.getMusicHelper(ApplicationManager1.java:69)
	at applogic1.ApplicationManager1.getMusicHelper(ApplicationManager1.java:69)
	at applogic1.ApplicationManager1.getMusicHelper(ApplicationManager1.java:69)
	at applogic1.ApplicationManager1.getMusicHelper(ApplicationManager1.java:69)
	at applogic1.ApplicationManager1.getMusicHelper(ApplicationManager1.java:69)
	at applogic1.ApplicationManager1.getMusicHelper(ApplicationManager1.java:69)
	at applogic1.ApplicationManager1.getMusicHelper(ApplicationManager1.java:69)
	at applogic1.ApplicationManager1.getMusicHelper(ApplicationManager1.java:69)
	at applogic1.ApplicationManager1.getMusicHelper(ApplicationManager1.java:69)
	at applogic1.ApplicationManager1.getMusicHelper(ApplicationManager1.java:69)
	at applogic1.ApplicationManager1.getMusicHelper(ApplicationManager1.java:69)
	at applogic1.ApplicationManager1.getMusicHelper(ApplicationManager1.java:69)
	at applogic1.ApplicationManager1.getMusicHelper(ApplicationManager1.java:69)
	at applogic1.ApplicationManager1.getMusicHelper(ApplicationManager1.java:69)
	at applogic1.ApplicationManager1.getMusicHelper(ApplicationManager1.java:69)
	at applogic1.ApplicationManager1.getMusicHelper(ApplicationManager1.java:69)
	at applogic1.ApplicationManager1.getMusicHelper(ApplicationManager1.java:69)
	at applogic1.ApplicationManager1.getMusicHelper(ApplicationManager1.java:69)
	at applogic1.ApplicationManager1.getMusicHelper(ApplicationManager1.java:69)
	at applogic1.ApplicationManager1.getMusicHelper(ApplicationManager1.java:69)
	at applogic1.ApplicationManager1.getMusicHelper(ApplicationManager1.java:69)
	at applogic1.ApplicationManager1.getMusicHelper(ApplicationManager1.java:69)
	at applogic1.ApplicationManager1.getMusicHelper(ApplicationManager1.java:69)
	at applogic1.ApplicationManager1.getMusicHelper(ApplicationManager1.java:69)
	at applogic1.ApplicationManager1.getMusicHelper(ApplicationManager1.java:69)
	at applogic1.ApplicationManager1.getMusicHelper(ApplicationManager1.java:69)
	at applogic1.ApplicationManager1.getMusicHelper(ApplicationManager1.java:69)
	at applogic1.ApplicationManager1.getMusicHelper(ApplicationManager1.java:69)
	at applogic1.ApplicationManager1.getMusicHelper(ApplicationManager1.java:69)
	at applogic1.ApplicationManager1.getMusicHelper(ApplicationManager1.java:69)
	at applogic1.ApplicationManager1.getMusicHelper(ApplicationManager1.java:69)
	at applogic1.ApplicationManager1.getMusicHelper(ApplicationManager1.java:69)
	at applogic1.ApplicationManager1.getMusicHelper(ApplicationManager1.java:69)
	at applogic1.ApplicationManager1.getMusicHelper(ApplicationManager1.java:69)
	at applogic1.ApplicationManager1.getMusicHelper(ApplicationManager1.java:69)
	at applogic1.ApplicationManager1.getMusicHelper(ApplicationManager1.java:69)
	at applogic1.ApplicationManager1.getMusicHelper(ApplicationManager1.java:69)
	at applogic1.ApplicationManager1.getMusicHelper(ApplicationManager1.java:69)
	at applogic1.ApplicationManager1.getMusicHelper(ApplicationManager1.java:69)
	at applogic1.ApplicationManager1.getMusicHelper(ApplicationManager1.java:69)
	at applogic1.ApplicationManager1.getMusicHelper(ApplicationManager1.java:69)
	at applogic1.ApplicationManager1.getMusicHelper(ApplicationManager1.java:69)
	at applogic1.ApplicationManager1.getMusicHelper(ApplicationManager1.java:69)
	at applogic1.ApplicationManager1.getMusicHelper(ApplicationManager1.java:69)
	at applogic1.ApplicationManager1.getMusicHelper(ApplicationManager1.java:69)
	at applogic1.ApplicationManager1.getMusicHelper(ApplicationManager1.java:69)
	at applogic1.ApplicationManager1.getMusicHelper(ApplicationManager1.java:69)
	at applogic1.ApplicationManager1.getMusicHelper(ApplicationManager1.java:69)
	at applogic1.ApplicationManager1.getMusicHelper(ApplicationManager1.java:69)
	at applogic1.ApplicationManager1.getMusicHelper(ApplicationManager1.java:69)
	at applogic1.ApplicationManager1.getMusicHelper(ApplicationManager1.java:69)
	at applogic1.ApplicationManager1.getMusicHelper(ApplicationManager1.java:69)
	at applogic1.ApplicationManager1.getMusicHelper(ApplicationManager1.java:69)
	at applogic1.ApplicationManager1.getMusicHelper(ApplicationManager1.java:69)
	at applogic1.ApplicationManager1.getMusicHelper(ApplicationManager1.java:69)
	at applogic1.ApplicationManager1.getMusicHelper(ApplicationManager1.java:69)
	at applogic1.ApplicationManager1.getMusicHelper(ApplicationManager1.java:69)
	at applogic1.ApplicationManager1.getMusicHelper(ApplicationManager1.java:69)
	at applogic1.ApplicationManager1.getMusicHelper(ApplicationManager1.java:69)
	at applogic1.ApplicationManager1.getMusicHelper(ApplicationManager1.java:69)
	at applogic1.ApplicationManager1.getMusicHelper(ApplicationManager1.java:69)
	at applogic1.ApplicationManager1.getMusicHelper(ApplicationManager1.java:69)
	at applogic1.ApplicationManager1.getMusicHelper(ApplicationManager1.java:69)
	at applogic1.ApplicationManager1.getMusicHelper(ApplicationManager1.java:69)
	at applogic1.ApplicationManager1.getMusicHelper(ApplicationManager1.java:69)
	at applogic1.ApplicationManager1.getMusicHelper(ApplicationManager1.java:69)
	at applogic1.ApplicationManager1.getMusicHelper(ApplicationManager1.java:69)
	at applogic1.ApplicationManager1.getMusicHelper(ApplicationManager1.java:69)
	at applogic1.ApplicationManager1.getMusicHelper(ApplicationManager1.java:69)
	at applogic1.ApplicationManager1.getMusicHelper(ApplicationManager1.java:69)
	at applogic1.ApplicationManager1.getMusicHelper(ApplicationManager1.java:69)
	at applogic1.ApplicationManager1.getMusicHelper(ApplicationManager1.java:69)
	at applogic1.ApplicationManager1.getMusicHelper(ApplicationManager1.java:69)
	at applogic1.ApplicationManager1.getMusicHelper(ApplicationManager1.java:69)
	at applogic1.ApplicationManager1.getMusicHelper(ApplicationManager1.java:69)
	at applogic1.ApplicationManager1.getMusicHelper(ApplicationManager1.java:69)
	at applogic1.ApplicationManager1.getMusicHelper(ApplicationManager1.java:69)
	at applogic1.ApplicationManager1.getMusicHelper(ApplicationManager1.java:69)
	at applogic1.ApplicationManager1.getMusicHelper(ApplicationManager1.java:69)
	at applogic1.ApplicationManager1.getMusicHelper(ApplicationManager1.java:69)
	at applogic1.ApplicationManager1.getMusicHelper(ApplicationManager1.java:69)
	at applogic1.ApplicationManager1.getMusicHelper(ApplicationManager1.java:69)
	at applogic1.ApplicationManager1.getMusicHelper(ApplicationManager1.java:69)
	at applogic1.ApplicationManager1.getMusicHelper(ApplicationManager1.java:69)
	at applogic1.ApplicationManager1.getMusicHelper(ApplicationManager1.java:69)
	at applogic1.ApplicationManager1.getMusicHelper(ApplicationManager1.java:69)
	at applogic1.ApplicationManager1.getMusicHelper(ApplicationManager1.java:69)
	at applogic1.ApplicationManager1.getMusicHelper(ApplicationManager1.java:69)
	at applogic1.ApplicationManager1.getMusicHelper(ApplicationManager1.java:69)
	at applogic1.ApplicationManager1.getMusicHelper(ApplicationManager1.java:69)
	at applogic1.ApplicationManager1.getMusicHelper(ApplicationManager1.java:69)
	at applogic1.ApplicationManager1.getMusicHelper(ApplicationManager1.java:69)
	at applogic1.ApplicationManager1.getMusicHelper(ApplicationManager1.java:69)
	at applogic1.ApplicationManager1.getMusicHelper(ApplicationManager1.java:69)
	at applogic1.ApplicationManager1.getMusicHelper(ApplicationManager1.java:69)
	at applogic1.ApplicationManager1.getMusicHelper(ApplicationManager1.java:69)
	at applogic1.ApplicationManager1.getMusicHelper(ApplicationManager1.java:69)
	at applogic1.ApplicationManager1.getMusicHelper(ApplicationManager1.java:69)
	at applogic1.ApplicationManager1.getMusicHelper(ApplicationManager1.java:69)
	at applogic1.ApplicationManager1.getMusicHelper(ApplicationManager1.java:69)
	at applogic1.ApplicationManager1.getMusicHelper(ApplicationManager1.java:69)
	at applogic1.ApplicationManager1.getMusicHelper(ApplicationManager1.java:69)
	at applogic1.ApplicationManager1.getMusicHelper(ApplicationManager1.java:69)
	at applogic1.ApplicationManager1.getMusicHelper(ApplicationManager1.java:69)
	at applogic1.ApplicationManager1.getMusicHelper(ApplicationManager1.java:69)
	at applogic1.ApplicationManager1.getMusicHelper(ApplicationManager1.java:69)
	at applogic1.ApplicationManager1.getMusicHelper(ApplicationManager1.java:69)
	at applogic1.ApplicationManager1.getMusicHelper(ApplicationManager1.java:69)
	at applogic1.ApplicationManager1.getMusicHelper(ApplicationManager1.java:69)
	at applogic1.ApplicationManager1.getMusicHelper(ApplicationManager1.java:69)
	at applogic1.ApplicationManager1.getMusicHelper(ApplicationManager1.java:69)
	at applogic1.ApplicationManager1.getMusicHelper(ApplicationManager1.java:69)
	at applogic1.ApplicationManager1.getMusicHelper(ApplicationManager1.java:69)
	at applogic1.ApplicationManager1.getMusicHelper(ApplicationManager1.java:69)
	at applogic1.ApplicationManager1.getMusicHelper(ApplicationManager1.java:69)
	at applogic1.ApplicationManager1.getMusicHelper(ApplicationManager1.java:69)
	at applogic1.ApplicationManager1.getMusicHelper(ApplicationManager1.java:69)
	at applogic1.ApplicationManager1.getMusicHelper(ApplicationManager1.java:69)
	at applogic1.ApplicationManager1.getMusicHelper(ApplicationManager1.java:69)
	at applogic1.ApplicationManager1.getMusicHelper(ApplicationManager1.java:69)
	at applogic1.ApplicationManager1.getMusicHelper(ApplicationManager1.java:69)
	at applogic1.ApplicationManager1.getMusicHelper(ApplicationManager1.java:69)
	at applogic1.ApplicationManager1.getMusicHelper(ApplicationManager1.java:69)
	at applogic1.ApplicationManager1.getMusicHelper(ApplicationManager1.java:69)
	at applogic1.ApplicationManager1.getMusicHelper(ApplicationManager1.java:69)
	at applogic1.ApplicationManager1.getMusicHelper(ApplicationManager1.java:69)
	at applogic1.ApplicationManager1.getMusicHelper(ApplicationManager1.java:69)
	at applogic1.ApplicationManager1.getMusicHelper(ApplicationManager1.java:69)
	at applogic1.ApplicationManager1.getMusicHelper(ApplicationManager1.java:69)
	at applogic1.ApplicationManager1.getMusicHelper(ApplicationManager1.java:69)
	at applogic1.ApplicationManager1.getMusicHelper(ApplicationManager1.java:69)
	at applogic1.ApplicationManager1.getMusicHelper(ApplicationManager1.java:69)
	at applogic1.ApplicationManager1.getMusicHelper(ApplicationManager1.java:69)
	at applogic1.ApplicationManager1.getMusicHelper(ApplicationManager1.java:69)
	at applogic1.ApplicationManager1.getMusicHelper(ApplicationManager1.java:69)
	at applogic1.ApplicationManager1.getMusicHelper(ApplicationManager1.java:69)
	at applogic1.ApplicationManager1.getMusicHelper(ApplicationManager1.java:69)
	at applogic1.ApplicationManager1.getMusicHelper(ApplicationManager1.java:69)
	at applogic1.ApplicationManager1.getMusicHelper(ApplicationManager1.java:69)
	at applogic1.ApplicationManager1.getMusicHelper(ApplicationManager1.java:69)
	at applogic1.ApplicationManager1.getMusicHelper(ApplicationManager1.java:69)
	at applogic1.ApplicationManager1.getMusicHelper(ApplicationManager1.java:69)
	at applogic1.ApplicationManager1.getMusicHelper(ApplicationManager1.java:69)
	at applogic1.ApplicationManager1.getMusicHelper(ApplicationManager1.java:69)
	at applogic1.ApplicationManager1.getMusicHelper(ApplicationManager1.java:69)
	at applogic1.ApplicationManager1.getMusicHelper(ApplicationManager1.java:69)
	at applogic1.ApplicationManager1.getMusicHelper(ApplicationManager1.java:69)
	at applogic1.ApplicationManager1.getMusicHelper(ApplicationManager1.java:69)
	at applogic1.ApplicationManager1.getMusicHelper(ApplicationManager1.java:69)
	at applogic1.ApplicationManager1.getMusicHelper(ApplicationManager1.java:69)
	at applogic1.ApplicationManager1.getMusicHelper(ApplicationManager1.java:69)
	at applogic1.ApplicationManager1.getMusicHelper(ApplicationManager1.java:69)
	at applogic1.ApplicationManager1.getMusicHelper(ApplicationManager1.java:69)
	at applogic1.ApplicationManager1.getMusicHelper(ApplicationManager1.java:69)
	at applogic1.ApplicationManager1.getMusicHelper(ApplicationManager1.java:69)
	at applogic1.ApplicationManager1.getMusicHelper(ApplicationManager1.java:69)
	at applogic1.ApplicationManager1.getMusicHelper(ApplicationManager1.java:69)
	at applogic1.ApplicationManager1.getMusicHelper(ApplicationManager1.java:69)
	at applogic1.ApplicationManager1.getMusicHelper(ApplicationManager1.java:69)
	at applogic1.ApplicationManager1.getMusicHelper(ApplicationManager1.java:69)
	at applogic1.ApplicationManager1.getMusicHelper(ApplicationManager1.java:69)
	at applogic1.ApplicationManager1.getMusicHelper(ApplicationManager1.java:69)
	at applogic1.ApplicationManager1.getMusicHelper(ApplicationManager1.java:69)
	at applogic1.ApplicationManager1.getMusicHelper(ApplicationManager1.java:69)
	at applogic1.ApplicationManager1.getMusicHelper(ApplicationManager1.java:69)
	at applogic1.ApplicationManager1.getMusicHelper(ApplicationManager1.java:69)
	at applogic1.ApplicationManager1.getMusicHelper(ApplicationManager1.java:69)
	at applogic1.ApplicationManager1.getMusicHelper(ApplicationManager1.java:69)
	at applogic1.ApplicationManager1.getMusicHelper(ApplicationManager1.java:69)
	at applogic1.ApplicationManager1.getMusicHelper(ApplicationManager1.java:69)
	at applogic1.ApplicationManager1.getMusicHelper(ApplicationManager1.java:69)
	at applogic1.ApplicationManager1.getMusicHelper(ApplicationManager1.java:69)
	at applogic1.ApplicationManager1.getMusicHelper(ApplicationManager1.java:69)
	at applogic1.ApplicationManager1.getMusicHelper(ApplicationManager1.java:69)
	at applogic1.ApplicationManager1.getMusicHelper(ApplicationManager1.java:69)
	at applogic1.ApplicationManager1.getMusicHelper(ApplicationManager1.java:69)
	at applogic1.ApplicationManager1.getMusicHelper(ApplicationManager1.java:69)
	at applogic1.ApplicationManager1.getMusicHelper(ApplicationManager1.java:69)
	at applogic1.ApplicationManager1.getMusicHelper(ApplicationManager1.java:69)
	at applogic1.ApplicationManager1.getMusicHelper(ApplicationManager1.java:69)
	at applogic1.ApplicationManager1.getMusicHelper(ApplicationManager1.java:69)
	at applogic1.ApplicationManager1.getMusicHelper(ApplicationManager1.java:69)
	at applogic1.ApplicationManager1.getMusicHelper(ApplicationManager1.java:69)
	at applogic1.ApplicationManager1.getMusicHelper(ApplicationManager1.java:69)
	at applogic1.ApplicationManager1.getMusicHelper(ApplicationManager1.java:69)
	at applogic1.ApplicationManager1.getMusicHelper(ApplicationManager1.java:69)
	at applogic1.ApplicationManager1.getMusicHelper(ApplicationManager1.java:69)
	at applogic1.ApplicationManager1.getMusicHelper(ApplicationManager1.java:69)
	at applogic1.ApplicationManager1.getMusicHelper(ApplicationManager1.java:69)
	at applogic1.ApplicationManager1.getMusicHelper(ApplicationManager1.java:69)
	at applogic1.ApplicationManager1.getMusicHelper(ApplicationManager1.java:69)
	at applogic1.ApplicationManager1.getMusicHelper(ApplicationManager1.java:69)
	at applogic1.ApplicationManager1.getMusicHelper(ApplicationManager1.java:69)
	at applogic1.ApplicationManager1.getMusicHelper(ApplicationManager1.java:69)
	at applogic1.ApplicationManager1.getMusicHelper(ApplicationManager1.java:69)
	at applogic1.ApplicationManager1.getMusicHelper(ApplicationManager1.java:69)
	at applogic1.ApplicationManager1.getMusicHelper(ApplicationManager1.java:69)
	at applogic1.ApplicationManager1.getMusicHelper(ApplicationManager1.java:69)
	at applogic1.ApplicationManager1.getMusicHelper(ApplicationManager1.java:69)
	at applogic1.ApplicationManager1.getMusicHelper(ApplicationManager1.java:69)
	at applogic1.ApplicationManager1.getMusicHelper(ApplicationManager1.java:69)
	at applogic1.ApplicationManager1.getMusicHelper(ApplicationManager1.java:69)
	at applogic1.ApplicationManager1.getMusicHelper(ApplicationManager1.java:69)
	at applogic1.ApplicationManager1.getMusicHelper(ApplicationManager1.java:69)
	at applogic1.ApplicationManager1.getMusicHelper(ApplicationManager1.java:69)
	at applogic1.ApplicationManager1.getMusicHelper(ApplicationManager1.java:69)
	at applogic1.ApplicationManager1.getMusicHelper(ApplicationManager1.java:69)
	at applogic1.ApplicationManager1.getMusicHelper(ApplicationManager1.java:69)
	at applogic1.ApplicationManager1.getMusicHelper(ApplicationManager1.java:69)
	at applogic1.ApplicationManager1.getMusicHelper(ApplicationManager1.java:69)
	at applogic1.ApplicationManager1.getMusicHelper(ApplicationManager1.java:69)
	at applogic1.ApplicationManager1.getMusicHelper(ApplicationManager1.java:69)
	at applogic1.ApplicationManager1.getMusicHelper(ApplicationManager1.java:69)
	at applogic1.ApplicationManager1.getMusicHelper(ApplicationManager1.java:69)
	at applogic1.ApplicationManager1.getMusicHelper(ApplicationManager1.java:69)
	at applogic1.ApplicationManager1.getMusicHelper(ApplicationManager1.java:69)
	at applogic1.ApplicationManager1.getMusicHelper(ApplicationManager1.java:69)
	at applogic1.ApplicationManager1.getMusicHelper(ApplicationManager1.java:69)
	at applogic1.ApplicationManager1.getMusicHelper(ApplicationManager1.java:69)
	at applogic1.ApplicationManager1.getMusicHelper(ApplicationManager1.java:69)
	at applogic1.ApplicationManager1.getMusicHelper(ApplicationManager1.java:69)
	at applogic1.ApplicationManager1.getMusicHelper(ApplicationManager1.java:69)
	at applogic1.ApplicationManager1.getMusicHelper(ApplicationManager1.java:69)
	at applogic1.ApplicationManager1.getMusicHelper(ApplicationManager1.java:69)
	at applogic1.ApplicationManager1.getMusicHelper(ApplicationManager1.java:69)
	at applogic1.ApplicationManager1.getMusicHelper(ApplicationManager1.java:69)
	at applogic1.ApplicationManager1.getMusicHelper(ApplicationManager1.java:69)
	at applogic1.ApplicationManager1.getMusicHelper(ApplicationManager1.java:69)
	at applogic1.ApplicationManager1.getMusicHelper(ApplicationManager1.java:69)
	at applogic1.ApplicationManager1.getMusicHelper(ApplicationManager1.java:69)
	at applogic1.ApplicationManager1.getMusicHelper(ApplicationManager1.java:69)
	at applogic1.ApplicationManager1.getMusicHelper(ApplicationManager1.java:69)
	at applogic1.ApplicationManager1.getMusicHelper(ApplicationManager1.java:69)
	at applogic1.ApplicationManager1.getMusicHelper(ApplicationManager1.java:69)
	at applogic1.ApplicationManager1.getMusicHelper(ApplicationManager1.java:69)
	at applogic1.ApplicationManager1.getMusicHelper(ApplicationManager1.java:69)
	at applogic1.ApplicationManager1.getMusicHelper(ApplicationManager1.java:69)
	at applogic1.ApplicationManager1.getMusicHelper(ApplicationManager1.java:69)
	at applogic1.ApplicationManager1.getMusicHelper(ApplicationManager1.java:69)
	at applogic1.ApplicationManager1.getMusicHelper(ApplicationManager1.java:69)
	at applogic1.ApplicationManager1.getMusicHelper(ApplicationManager1.java:69)
	at applogic1.ApplicationManager1.getMusicHelper(ApplicationManager1.java:69)
	at applogic1.ApplicationManager1.getMusicHelper(ApplicationManager1.java:69)
	at applogic1.ApplicationManager1.getMusicHelper(ApplicationManager1.java:69)
	at applogic1.ApplicationManager1.getMusicHelper(ApplicationManager1.java:69)
	at applogic1.ApplicationManager1.getMusicHelper(ApplicationManager1.java:69)
	at applogic1.ApplicationManager1.getMusicHelper(ApplicationManager1.java:69)
	at applogic1.ApplicationManager1.getMusicHelper(ApplicationManager1.java:69)
	at applogic1.ApplicationManager1.getMusicHelper(ApplicationManager1.java:69)
	at applogic1.ApplicationManager1.getMusicHelper(ApplicationManager1.java:69)
	at applogic1.ApplicationManager1.getMusicHelper(ApplicationManager1.java:69)
	at applogic1.ApplicationManager1.getMusicHelper(ApplicationManager1.java:69)
	at applogic1.ApplicationManager1.getMusicHelper(ApplicationManager1.java:69)
	at applogic1.ApplicationManager1.getMusicHelper(ApplicationManager1.java:69)
	at applogic1.ApplicationManager1.getMusicHelper(ApplicationManager1.java:69)
	at applogic1.ApplicationManager1.getMusicHelper(ApplicationManager1.java:69)
	at applogic1.ApplicationManager1.getMusicHelper(ApplicationManager1.java:69)
	at applogic1.ApplicationManager1.getMusicHelper(ApplicationManager1.java:69)
	at applogic1.ApplicationManager1.getMusicHelper(ApplicationManager1.java:69)
	at applogic1.ApplicationManager1.getMusicHelper(ApplicationManager1.java:69)
	at applogic1.ApplicationManager1.getMusicHelper(ApplicationManager1.java:69)
	at applogic1.ApplicationManager1.getMusicHelper(ApplicationManager1.java:69)
	at applogic1.ApplicationManager1.getMusicHelper(ApplicationManager1.java:69)
	at applogic1.ApplicationManager1.getMusicHelper(ApplicationManager1.java:69)
	at applogic1.ApplicationManager1.getMusicHelper(ApplicationManager1.java:69)
	at applogic1.ApplicationManager1.getMusicHelper(ApplicationManager1.java:69)
	at applogic1.ApplicationManager1.getMusicHelper(ApplicationManager1.java:69)
	at applogic1.ApplicationManager1.getMusicHelper(ApplicationManager1.java:69)
	at applogic1.ApplicationManager1.getMusicHelper(ApplicationManager1.java:69)
	at applogic1.ApplicationManager1.getMusicHelper(ApplicationManager1.java:69)
	at applogic1.ApplicationManager1.getMusicHelper(ApplicationManager1.java:69)
	at applogic1.ApplicationManager1.getMusicHelper(ApplicationManager1.java:69)
	at applogic1.ApplicationManager1.getMusicHelper(ApplicationManager1.java:69)
	at applogic1.ApplicationManager1.getMusicHelper(ApplicationManager1.java:69)
	at applogic1.ApplicationManager1.getMusicHelper(ApplicationManager1.java:69)
	at applogic1.ApplicationManager1.getMusicHelper(ApplicationManager1.java:69)
	at applogic1.ApplicationManager1.getMusicHelper(ApplicationManager1.java:69)
	at applogic1.ApplicationManager1.getMusicHelper(ApplicationManager1.java:69)
	at applogic1.ApplicationManager1.getMusicHelper(ApplicationManager1.java:69)
	at applogic1.ApplicationManager1.getMusicHelper(ApplicationManager1.java:69)
	at applogic1.ApplicationManager1.getMusicHelper(ApplicationManager1.java:69)
	at applogic1.ApplicationManager1.getMusicHelper(ApplicationManager1.java:69)
	at applogic1.ApplicationManager1.getMusicHelper(ApplicationManager1.java:69)
	at applogic1.ApplicationManager1.getMusicHelper(ApplicationManager1.java:69)
	at applogic1.ApplicationManager1.getMusicHelper(ApplicationManager1.java:69)
	at applogic1.ApplicationManager1.getMusicHelper(ApplicationManager1.java:69)
	at applogic1.ApplicationManager1.getMusicHelper(ApplicationManager1.java:69)
	at applogic1.ApplicationManager1.getMusicHelper(ApplicationManager1.java:69)
	at applogic1.ApplicationManager1.getMusicHelper(ApplicationManager1.java:69)
	at applogic1.ApplicationManager1.getMusicHelper(ApplicationManager1.java:69)
	at applogic1.ApplicationManager1.getMusicHelper(ApplicationManager1.java:69)
	at applogic1.ApplicationManager1.getMusicHelper(ApplicationManager1.java:69)
	at applogic1.ApplicationManager1.getMusicHelper(ApplicationManager1.java:69)
	at applogic1.ApplicationManager1.getMusicHelper(ApplicationManager1.java:69)
	at applogic1.ApplicationManager1.getMusicHelper(ApplicationManager1.java:69)
	at applogic1.ApplicationManager1.getMusicHelper(ApplicationManager1.java:69)
	at applogic1.ApplicationManager1.getMusicHelper(ApplicationManager1.java:69)
	at applogic1.ApplicationManager1.getMusicHelper(ApplicationManager1.java:69)
	at applogic1.ApplicationManager1.getMusicHelper(ApplicationManager1.java:69)
	at applogic1.ApplicationManager1.getMusicHelper(ApplicationManager1.java:69)
	at applogic1.ApplicationManager1.getMusicHelper(ApplicationManager1.java:69)
	at applogic1.ApplicationManager1.getMusicHelper(ApplicationManager1.java:69)
	at applogic1.ApplicationManager1.getMusicHelper(ApplicationManager1.java:69)
	at applogic1.ApplicationManager1.getMusicHelper(ApplicationManager1.java:69)
	at applogic1.ApplicationManager1.getMusicHelper(ApplicationManager1.java:69)
	at applogic1.ApplicationManager1.getMusicHelper(ApplicationManager1.java:69)
	at applogic1.ApplicationManager1.getMusicHelper(ApplicationManager1.java:69)
	at applogic1.ApplicationManager1.getMusicHelper(ApplicationManager1.java:69)
	at applogic1.ApplicationManager1.getMusicHelper(ApplicationManager1.java:69)
	at applogic1.ApplicationManager1.getMusicHelper(ApplicationManager1.java:69)
	at applogic1.ApplicationManager1.getMusicHelper(ApplicationManager1.java:69)
	at applogic1.ApplicationManager1.getMusicHelper(ApplicationManager1.java:69)
	at applogic1.ApplicationManager1.getMusicHelper(ApplicationManager1.java:69)
	at applogic1.ApplicationManager1.getMusicHelper(ApplicationManager1.java:69)
	at applogic1.ApplicationManager1.getMusicHelper(ApplicationManager1.java:69)
	at applogic1.ApplicationManager1.getMusicHelper(ApplicationManager1.java:69)
	at applogic1.ApplicationManager1.getMusicHelper(ApplicationManager1.java:69)
	at applogic1.ApplicationManager1.getMusicHelper(ApplicationManager1.java:69)
	at applogic1.ApplicationManager1.getMusicHelper(ApplicationManager1.java:69)
	at applogic1.ApplicationManager1.getMusicHelper(ApplicationManager1.java:69)
	at applogic1.ApplicationManager1.getMusicHelper(ApplicationManager1.java:69)
	at applogic1.ApplicationManager1.getMusicHelper(ApplicationManager1.java:69)
	at applogic1.ApplicationManager1.getMusicHelper(ApplicationManager1.java:69)
	at applogic1.ApplicationManager1.getMusicHelper(ApplicationManager1.java:69)
	at applogic1.ApplicationManager1.getMusicHelper(ApplicationManager1.java:69)
	at applogic1.ApplicationManager1.getMusicHelper(ApplicationManager1.java:69)
	at applogic1.ApplicationManager1.getMusicHelper(ApplicationManager1.java:69)
	at applogic1.ApplicationManager1.getMusicHelper(ApplicationManager1.java:69)
	at applogic1.ApplicationManager1.getMusicHelper(ApplicationManager1.java:69)
	at applogic1.ApplicationManager1.getMusicHelper(ApplicationManager1.java:69)
	at applogic1.ApplicationManager1.getMusicHelper(ApplicationManager1.java:69)
	at applogic1.ApplicationManager1.getMusicHelper(ApplicationManager1.java:69)
	at applogic1.ApplicationManager1.getMusicHelper(ApplicationManager1.java:69)
	at applogic1.ApplicationManager1.getMusicHelper(ApplicationManager1.java:69)
	at applogic1.ApplicationManager1.getMusicHelper(ApplicationManager1.java:69)
	at applogic1.ApplicationManager1.getMusicHelper(ApplicationManager1.java:69)
	at applogic1.ApplicationManager1.getMusicHelper(ApplicationManager1.java:69)
	at applogic1.ApplicationManager1.getMusicHelper(ApplicationManager1.java:69)
	at applogic1.ApplicationManager1.getMusicHelper(ApplicationManager1.java:69)
	at applogic1.ApplicationManager1.getMusicHelper(ApplicationManager1.java:69)
	at applogic1.ApplicationManager1.getMusicHelper(ApplicationManager1.java:69)
	at applogic1.ApplicationManager1.getMusicHelper(ApplicationManager1.java:69)
	at applogic1.ApplicationManager1.getMusicHelper(ApplicationManager1.java:69)
	at applogic1.ApplicationManager1.getMusicHelper(ApplicationManager1.java:69)
	at applogic1.ApplicationManager1.getMusicHelper(ApplicationManager1.java:69)
	at applogic1.ApplicationManager1.getMusicHelper(ApplicationManager1.java:69)
	at applogic1.ApplicationManager1.getMusicHelper(ApplicationManager1.java:69)
	at applogic1.ApplicationManager1.getMusicHelper(ApplicationManager1.java:69)
	at applogic1.ApplicationManager1.getMusicHelper(ApplicationManager1.java:69)
	at applogic1.ApplicationManager1.getMusicHelper(ApplicationManager1.java:69)
	at applogic1.ApplicationManager1.getMusicHelper(ApplicationManager1.java:69)
	at applogic1.ApplicationManager1.getMusicHelper(ApplicationManager1.java:69)
	at applogic1.ApplicationManager1.getMusicHelper(ApplicationManager1.java:69)
	at applogic1.ApplicationManager1.getMusicHelper(ApplicationManager1.java:69)
	at applogic1.ApplicationManager1.getMusicHelper(ApplicationManager1.java:69)
	at applogic1.ApplicationManager1.getMusicHelper(ApplicationManager1.java:69)
	at applogic1.ApplicationManager1.getMusicHelper(ApplicationManager1.java:69)
	at applogic1.ApplicationManager1.getMusicHelper(ApplicationManager1.java:69)
	at applogic1.ApplicationManager1.getMusicHelper(ApplicationManager1.java:69)
	at applogic1.ApplicationManager1.getMusicHelper(ApplicationManager1.java:69)
	at applogic1.ApplicationManager1.getMusicHelper(ApplicationManager1.java:69)
	at applogic1.ApplicationManager1.getMusicHelper(ApplicationManager1.java:69)
	at applogic1.ApplicationManager1.getMusicHelper(ApplicationManager1.java:69)
	at applogic1.ApplicationManager1.getMusicHelper(ApplicationManager1.java:69)
	at applogic1.ApplicationManager1.getMusicHelper(ApplicationManager1.java:69)
	at applogic1.ApplicationManager1.getMusicHelper(ApplicationManager1.java:69)
	at applogic1.ApplicationManager1.getMusicHelper(ApplicationManager1.java:69)
	at applogic1.ApplicationManager1.getMusicHelper(ApplicationManager1.java:69)
	at applogic1.ApplicationManager1.getMusicHelper(ApplicationManager1.java:69)
	at applogic1.ApplicationManager1.getMusicHelper(ApplicationManager1.java:69)
	at applogic1.ApplicationManager1.getMusicHelper(ApplicationManager1.java:69)
	at applogic1.ApplicationManager1.getMusicHelper(ApplicationManager1.java:69)
	at applogic1.ApplicationManager1.getMusicHelper(ApplicationManager1.java:69)
	at applogic1.ApplicationManager1.getMusicHelper(ApplicationManager1.java:69)
	at applogic1.ApplicationManager1.getMusicHelper(ApplicationManager1.java:69)
	at applogic1.ApplicationManager1.getMusicHelper(ApplicationManager1.java:69)
	at applogic1.ApplicationManager1.getMusicHelper(ApplicationManager1.java:69)
	at applogic1.ApplicationManager1.getMusicHelper(ApplicationManager1.java:69)
	at applogic1.ApplicationManager1.getMusicHelper(ApplicationManager1.java:69)
	at applogic1.ApplicationManager1.getMusicHelper(ApplicationManager1.java:69)
	at applogic1.ApplicationManager1.getMusicHelper(ApplicationManager1.java:69)
	at applogic1.ApplicationManager1.getMusicHelper(ApplicationManager1.java:69)
	at applogic1.ApplicationManager1.getMusicHelper(ApplicationManager1.java:69)
	at applogic1.ApplicationManager1.getMusicHelper(ApplicationManager1.java:69)
	at applogic1.ApplicationManager1.getMusicHelper(ApplicationManager1.java:69)
	at applogic1.ApplicationManager1.getMusicHelper(ApplicationManager1.java:69)
	at applogic1.ApplicationManager1.getMusicHelper(ApplicationManager1.java:69)
	at applogic1.ApplicationManager1.getMusicHelper(ApplicationManager1.java:69)
	at applogic1.ApplicationManager1.getMusicHelper(ApplicationManager1.java:69)
	at applogic1.ApplicationManager1.getMusicHelper(ApplicationManager1.java:69)
	at applogic1.ApplicationManager1.getMusicHelper(ApplicationManager1.java:69)
	at applogic1.ApplicationManager1.getMusicHelper(ApplicationManager1.java:69)
	at applogic1.ApplicationManager1.getMusicHelper(ApplicationManager1.java:69)
	at applogic1.ApplicationManager1.getMusicHelper(ApplicationManager1.java:69)
	at applogic1.ApplicationManager1.getMusicHelper(ApplicationManager1.java:69)
	at applogic1.ApplicationManager1.getMusicHelper(ApplicationManager1.java:69)
	at applogic1.ApplicationManager1.getMusicHelper(ApplicationManager1.java:69)
	at applogic1.ApplicationManager1.getMusicHelper(ApplicationManager1.java:69)
	at applogic1.ApplicationManager1.getMusicHelper(ApplicationManager1.java:69)
	at applogic1.ApplicationManager1.getMusicHelper(ApplicationManager1.java:69)
	at applogic1.ApplicationManager1.getMusicHelper(ApplicationManager1.java:69)
	at applogic1.ApplicationManager1.getMusicHelper(ApplicationManager1.java:69)
	at applogic1.ApplicationManager1.getMusicHelper(ApplicationManager1.java:69)
	at applogic1.ApplicationManager1.getMusicHelper(ApplicationManager1.java:69)
	at applogic1.ApplicationManager1.getMusicHelper(ApplicationManager1.java:69)
	at applogic1.ApplicationManager1.getMusicHelper(ApplicationManager1.java:69)
	at applogic1.ApplicationManager1.getMusicHelper(ApplicationManager1.java:69)
	at applogic1.ApplicationManager1.getMusicHelper(ApplicationManager1.java:69)
	at applogic1.ApplicationManager1.getMusicHelper(ApplicationManager1.java:69)
	at applogic1.ApplicationManager1.getMusicHelper(ApplicationManager1.java:69)
	at applogic1.ApplicationManager1.getMusicHelper(ApplicationManager1.java:69)
	at applogic1.ApplicationManager1.getMusicHelper(ApplicationManager1.java:69)
	at applogic1.ApplicationManager1.getMusicHelper(ApplicationManager1.java:69)
	at applogic1.ApplicationManager1.getMusicHelper(ApplicationManager1.java:69)
	at applogic1.ApplicationManager1.getMusicHelper(ApplicationManager1.java:69)
	at applogic1.ApplicationManager1.getMusicHelper(ApplicationManager1.java:69)
	at applogic1.ApplicationManager1.getMusicHelper(ApplicationManager1.java:69)
	at applogic1.ApplicationManager1.getMusicHelper(ApplicationManager1.java:69)
	at applogic1.ApplicationManager1.getMusicHelper(ApplicationManager1.java:69)
	at applogic1.ApplicationManager1.getMusicHelper(ApplicationManager1.java:69)
	at applogic1.ApplicationManager1.getMusicHelper(ApplicationManager1.java:69)
	at applogic1.ApplicationManager1.getMusicHelper(ApplicationManager1.java:69)
	at applogic1.ApplicationManager1.getMusicHelper(ApplicationManager1.java:69)
	at applogic1.ApplicationManager1.getMusicHelper(ApplicationManager1.java:69)
	at applogic1.ApplicationManager1.getMusicHelper(ApplicationManager1.java:69)
	at applogic1.ApplicationManager1.getMusicHelper(ApplicationManager1.java:69)
	at applogic1.ApplicationManager1.getMusicHelper(ApplicationManager1.java:69)
	at applogic1.ApplicationManager1.getMusicHelper(ApplicationManager1.java:69)
	at applogic1.ApplicationManager1.getMusicHelper(ApplicationManager1.java:69)
	at applogic1.ApplicationManager1.getMusicHelper(ApplicationManager1.java:69)
	at applogic1.ApplicationManager1.getMusicHelper(ApplicationManager1.java:69)
	at applogic1.ApplicationManager1.getMusicHelper(ApplicationManager1.java:69)
	at applogic1.ApplicationManager1.getMusicHelper(ApplicationManager1.java:69)
	at applogic1.ApplicationManager1.getMusicHelper(ApplicationManager1.java:69)
	at applogic1.ApplicationManager1.getMusicHelper(ApplicationManager1.java:69)
	at applogic1.ApplicationManager1.getMusicHelper(ApplicationManager1.java:69)
	at applogic1.ApplicationManager1.getMusicHelper(ApplicationManager1.java:69)
	at applogic1.ApplicationManager1.getMusicHelper(ApplicationManager1.java:69)
	at applogic1.ApplicationManager1.getMusicHelper(ApplicationManager1.java:69)
	at applogic1.ApplicationManager1.getMusicHelper(ApplicationManager1.java:69)
	at applogic1.ApplicationManager1.getMusicHelper(ApplicationManager1.java:69)
	at applogic1.ApplicationManager1.getMusicHelper(ApplicationManager1.java:69)
	at applogic1.ApplicationManager1.getMusicHelper(ApplicationManager1.java:69)
	at applogic1.ApplicationManager1.getMusicHelper(ApplicationManager1.java:69)
	at applogic1.ApplicationManager1.getMusicHelper(ApplicationManager1.java:69)
	at applogic1.ApplicationManager1.getMusicHelper(ApplicationManager1.java:69)
	at applogic1.ApplicationManager1.getMusicHelper(ApplicationManager1.java:69)
	at applogic1.ApplicationManager1.getMusicHelper(ApplicationManager1.java:69)
	at applogic1.ApplicationManager1.getMusicHelper(ApplicationManager1.java:69)
	at applogic1.ApplicationManager1.getMusicHelper(ApplicationManager1.java:69)
	at applogic1.ApplicationManager1.getMusicHelper(ApplicationManager1.java:69)
	at applogic1.ApplicationManager1.getMusicHelper(ApplicationManager1.java:69)
	at applogic1.ApplicationManager1.getMusicHelper(ApplicationManager1.java:69)
	at applogic1.ApplicationManager1.getMusicHelper(ApplicationManager1.java:69)
	at applogic1.ApplicationManager1.getMusicHelper(ApplicationManager1.java:69)
	at applogic1.ApplicationManager1.getMusicHelper(ApplicationManager1.java:69)
	at applogic1.ApplicationManager1.getMusicHelper(ApplicationManager1.java:69)
	at applogic1.ApplicationManager1.getMusicHelper(ApplicationManager1.java:69)
	at applogic1.ApplicationManager1.getMusicHelper(ApplicationManager1.java:69)
	at applogic1.ApplicationManager1.getMusicHelper(ApplicationManager1.java:69)
	at applogic1.ApplicationManager1.getMusicHelper(ApplicationManager1.java:69)
	at applogic1.ApplicationManager1.getMusicHelper(ApplicationManager1.java:69)
	at applogic1.ApplicationManager1.getMusicHelper(ApplicationManager1.java:69)
	at applogic1.ApplicationManager1.getMusicHelper(ApplicationManager1.java:69)
	at applogic1.ApplicationManager1.getMusicHelper(ApplicationManager1.java:69)
	at applogic1.ApplicationManager1.getMusicHelper(ApplicationManager1.java:69)
	at applogic1.ApplicationManager1.getMusicHelper(ApplicationManager1.java:69)
	at applogic1.ApplicationManager1.getMusicHelper(ApplicationManager1.java:69)
	at applogic1.ApplicationManager1.getMusicHelper(ApplicationManager1.java:69)
	at applogic1.ApplicationManager1.getMusicHelper(ApplicationManager1.java:69)
	at applogic1.ApplicationManager1.getMusicHelper(ApplicationManager1.java:69)
	at applogic1.ApplicationManager1.getMusicHelper(ApplicationManager1.java:69)
	at applogic1.ApplicationManager1.getMusicHelper(ApplicationManager1.java:69)
	at applogic1.ApplicationManager1.getMusicHelper(ApplicationManager1.java:69)
	at applogic1.ApplicationManager1.getMusicHelper(ApplicationManager1.java:69)
	at applogic1.ApplicationManager1.getMusicHelper(ApplicationManager1.java:69)
	at applogic1.ApplicationManager1.getMusicHelper(ApplicationManager1.java:69)
	at applogic1.ApplicationManager1.getMusicHelper(ApplicationManager1.java:69)
	at applogic1.ApplicationManager1.getMusicHelper(ApplicationManager1.java:69)
	at applogic1.ApplicationManager1.getMusicHelper(ApplicationManager1.java:69)
	at applogic1.ApplicationManager1.getMusicHelper(ApplicationManager1.java:69)
	at applogic1.ApplicationManager1.getMusicHelper(ApplicationManager1.java:69)
	at applogic1.ApplicationManager1.getMusicHelper(ApplicationManager1.java:69)
	at applogic1.ApplicationManager1.getMusicHelper(ApplicationManager1.java:69)
	at applogic1.ApplicationManager1.getMusicHelper(ApplicationManager1.java:69)
	at applogic1.ApplicationManager1.getMusicHelper(ApplicationManager1.java:69)
	at applogic1.ApplicationManager1.getMusicHelper(ApplicationManager1.java:69)
	at applogic1.ApplicationManager1.getMusicHelper(ApplicationManager1.java:69)
	at applogic1.ApplicationManager1.getMusicHelper(ApplicationManager1.java:69)
	at applogic1.ApplicationManager1.getMusicHelper(ApplicationManager1.java:69)
	at applogic1.ApplicationManager1.getMusicHelper(ApplicationManager1.java:69)
	at applogic1.ApplicationManager1.getMusicHelper(ApplicationManager1.java:69)
	at applogic1.ApplicationManager1.getMusicHelper(ApplicationManager1.java:69)
	at applogic1.ApplicationManager1.getMusicHelper(ApplicationManager1.java:69)
	at applogic1.ApplicationManager1.getMusicHelper(ApplicationManager1.java:69)
	at applogic1.ApplicationManager1.getMusicHelper(ApplicationManager1.java:69)
	at applogic1.ApplicationManager1.getMusicHelper(ApplicationManager1.java:69)
	at applogic1.ApplicationManager1.getMusicHelper(ApplicationManager1.java:69)
	at applogic1.ApplicationManager1.getMusicHelper(ApplicationManager1.java:69)
	at applogic1.ApplicationManager1.getMusicHelper(ApplicationManager1.java:69)
	at applogic1.ApplicationManager1.getMusicHelper(ApplicationManager1.java:69)
	at applogic1.ApplicationManager1.getMusicHelper(ApplicationManager1.java:69)
	at applogic1.ApplicationManager1.getMusicHelper(ApplicationManager1.java:69)
	at applogic1.ApplicationManager1.getMusicHelper(ApplicationManager1.java:69)
	at applogic1.ApplicationManager1.getMusicHelper(ApplicationManager1.java:69)
	at applogic1.ApplicationManager1.getMusicHelper(ApplicationManager1.java:69)
	at applogic1.ApplicationManager1.getMusicHelper(ApplicationManager1.java:69)
	at applogic1.ApplicationManager1.getMusicHelper(ApplicationManager1.java:69)
	at applogic1.ApplicationManager1.getMusicHelper(ApplicationManager1.java:69)
	at applogic1.ApplicationManager1.getMusicHelper(ApplicationManager1.java:69)
	at applogic1.ApplicationManager1.getMusicHelper(ApplicationManager1.java:69)
	at applogic1.ApplicationManager1.getMusicHelper(ApplicationManager1.java:69)
	at applogic1.ApplicationManager1.getMusicHelper(ApplicationManager1.java:69)
	at applogic1.ApplicationManager1.getMusicHelper(ApplicationManager1.java:69)
	at applogic1.ApplicationManager1.getMusicHelper(ApplicationManager1.java:69)
	at applogic1.ApplicationManager1.getMusicHelper(ApplicationManager1.java:69)
	at applogic1.ApplicationManager1.getMusicHelper(ApplicationManager1.java:69)
	at applogic1.ApplicationManager1.getMusicHelper(ApplicationManager1.java:69)
	at applogic1.ApplicationManager1.getMusicHelper(ApplicationManager1.java:69)
	at applogic1.ApplicationManager1.getMusicHelper(ApplicationManager1.java:69)
	at applogic1.ApplicationManager1.getMusicHelper(ApplicationManager1.java:69)
	at applogic1.ApplicationManager1.getMusicHelper(ApplicationManager1.java:69)
	at applogic1.ApplicationManager1.getMusicHelper(ApplicationManager1.java:69)
	at applogic1.ApplicationManager1.getMusicHelper(ApplicationManager1.java:69)
	at applogic1.ApplicationManager1.getMusicHelper(ApplicationManager1.java:69)
	at applogic1.ApplicationManager1.getMusicHelper(ApplicationManager1.java:69)
	at applogic1.ApplicationManager1.getMusicHelper(ApplicationManager1.java:69)
	at applogic1.ApplicationManager1.getMusicHelper(ApplicationManager1.java:69)
	at applogic1.ApplicationManager1.getMusicHelper(ApplicationManager1.java:69)
	at applogic1.ApplicationManager1.getMusicHelper(ApplicationManager1.java:69)
	at applogic1.ApplicationManager1.getMusicHelper(ApplicationManager1.java:69)
	at applogic1.ApplicationManager1.getMusicHelper(ApplicationManager1.java:69)
	at applogic1.ApplicationManager1.getMusicHelper(ApplicationManager1.java:69)
	at applogic1.ApplicationManager1.getMusicHelper(ApplicationManager1.java:69)
	at applogic1.ApplicationManager1.getMusicHelper(ApplicationManager1.java:69)
	at applogic1.ApplicationManager1.getMusicHelper(ApplicationManager1.java:69)
	at applogic1.ApplicationManager1.getMusicHelper(ApplicationManager1.java:69)
	at applogic1.ApplicationManager1.getMusicHelper(ApplicationManager1.java:69)
	at applogic1.ApplicationManager1.getMusicHelper(ApplicationManager1.java:69)
	at applogic1.ApplicationManager1.getMusicHelper(ApplicationManager1.java:69)
	at applogic1.ApplicationManager1.getMusicHelper(ApplicationManager1.java:69)
	at applogic1.ApplicationManager1.getMusicHelper(ApplicationManager1.java:69)
	at applogic1.ApplicationManager1.getMusicHelper(ApplicationManager1.java:69)
	at applogic1.ApplicationManager1.getMusicHelper(ApplicationManager1.java:69)
	at applogic1.ApplicationManager1.getMusicHelper(ApplicationManager1.java:69)
	at applogic1.ApplicationManager1.getMusicHelper(ApplicationManager1.java:69)
	at applogic1.ApplicationManager1.getMusicHelper(ApplicationManager1.java:69)
	at applogic1.ApplicationManager1.getMusicHelper(ApplicationManager1.java:69)
	at applogic1.ApplicationManager1.getMusicHelper(ApplicationManager1.java:69)
	at applogic1.ApplicationManager1.getMusicHelper(ApplicationManager1.java:69)
	at applogic1.ApplicationManager1.getMusicHelper(ApplicationManager1.java:69)
	at applogic1.ApplicationManager1.getMusicHelper(ApplicationManager1.java:69)
	at applogic1.ApplicationManager1.getMusicHelper(ApplicationManager1.java:69)
	at applogic1.ApplicationManager1.getMusicHelper(ApplicationManager1.java:69)
	at applogic1.ApplicationManager1.getMusicHelper(ApplicationManager1.java:69)
	at applogic1.ApplicationManager1.getMusicHelper(ApplicationManager1.java:69)
	at applogic1.ApplicationManager1.getMusicHelper(ApplicationManager1.java:69)
	at applogic1.ApplicationManager1.getMusicHelper(ApplicationManager1.java:69)
	at applogic1.ApplicationManager1.getMusicHelper(ApplicationManager1.java:69)
	at applogic1.ApplicationManager1.getMusicHelper(ApplicationManager1.java:69)
	at applogic1.ApplicationManager1.getMusicHelper(ApplicationManager1.java:69)
	at applogic1.ApplicationManager1.getMusicHelper(ApplicationManager1.java:69)
	at applogic1.ApplicationManager1.getMusicHelper(ApplicationManager1.java:69)
	at applogic1.ApplicationManager1.getMusicHelper(ApplicationManager1.java:69)
	at applogic1.ApplicationManager1.getMusicHelper(ApplicationManager1.java:69)
	at applogic1.ApplicationManager1.getMusicHelper(ApplicationManager1.java:69)
	at applogic1.ApplicationManager1.getMusicHelper(ApplicationManager1.java:69)
	at applogic1.ApplicationManager1.getMusicHelper(ApplicationManager1.java:69)
	at applogic1.ApplicationManager1.getMusicHelper(ApplicationManager1.java:69)
	at applogic1.ApplicationManager1.getMusicHelper(ApplicationManager1.java:69)
	at applogic1.ApplicationManager1.getMusicHelper(ApplicationManager1.java:69)
	at applogic1.ApplicationManager1.getMusicHelper(ApplicationManager1.java:69)
	at applogic1.ApplicationManager1.getMusicHelper(ApplicationManager1.java:69)
	at applogic1.ApplicationManager1.getMusicHelper(ApplicationManager1.java:69)
	at applogic1.ApplicationManager1.getMusicHelper(ApplicationManager1.java:69)
	at applogic1.ApplicationManager1.getMusicHelper(ApplicationManager1.java:69)
	at applogic1.ApplicationManager1.getMusicHelper(ApplicationManager1.java:69)
	at applogic1.ApplicationManager1.getMusicHelper(ApplicationManager1.java:69)
	at applogic1.ApplicationManager1.getMusicHelper(ApplicationManager1.java:69)
	at applogic1.ApplicationManager1.getMusicHelper(ApplicationManager1.java:69)
	at applogic1.ApplicationManager1.getMusicHelper(ApplicationManager1.java:69)
	at applogic1.ApplicationManager1.getMusicHelper(ApplicationManager1.java:69)
	at applogic1.ApplicationManager1.getMusicHelper(ApplicationManager1.java:69)
	at applogic1.ApplicationManager1.getMusicHelper(ApplicationManager1.java:69)
	at applogic1.ApplicationManager1.getMusicHelper(ApplicationManager1.java:69)
	at applogic1.ApplicationManager1.getMusicHelper(ApplicationManager1.java:69)
	at applogic1.ApplicationManager1.getMusicHelper(ApplicationManager1.java:69)
	at applogic1.ApplicationManager1.getMusicHelper(ApplicationManager1.java:69)
	at applogic1.ApplicationManager1.getMusicHelper(ApplicationManager1.java:69)
	at applogic1.ApplicationManager1.getMusicHelper(ApplicationManager1.java:69)
	at applogic1.ApplicationManager1.getMusicHelper(ApplicationManager1.java:69)
	at applogic1.ApplicationManager1.getMusicHelper(ApplicationManager1.java:69)
	at applogic1.ApplicationManager1.getMusicHelper(ApplicationManager1.java:69)
	at applogic1.ApplicationManager1.getMusicHelper(ApplicationManager1.java:69)
	at applogic1.ApplicationManager1.getMusicHelper(ApplicationManager1.java:69)
	at applogic1.ApplicationManager1.getMusicHelper(ApplicationManager1.java:69)
	at applogic1.ApplicationManager1.getMusicHelper(ApplicationManager1.java:69)
	at applogic1.ApplicationManager1.getMusicHelper(ApplicationManager1.java:69)
	at applogic1.ApplicationManager1.getMusicHelper(ApplicationManager1.java:69)
	at applogic1.ApplicationManager1.getMusicHelper(ApplicationManager1.java:69)
	at applogic1.ApplicationManager1.getMusicHelper(ApplicationManager1.java:69)
	at applogic1.ApplicationManager1.getMusicHelper(ApplicationManager1.java:69)
	at applogic1.ApplicationManager1.getMusicHelper(ApplicationManager1.java:69)
	at applogic1.ApplicationManager1.getMusicHelper(ApplicationManager1.java:69)
	at applogic1.ApplicationManager1.getMusicHelper(ApplicationManager1.java:69)
	at applogic1.ApplicationManager1.getMusicHelper(ApplicationManager1.java:69)
	at applogic1.ApplicationManager1.getMusicHelper(ApplicationManager1.java:69)
	at applogic1.ApplicationManager1.getMusicHelper(ApplicationManager1.java:69)
	at applogic1.ApplicationManager1.getMusicHelper(ApplicationManager1.java:69)
	at applogic1.ApplicationManager1.getMusicHelper(ApplicationManager1.java:69)
	at applogic1.ApplicationManager1.getMusicHelper(ApplicationManager1.java:69)
	at applogic1.ApplicationManager1.getMusicHelper(ApplicationManager1.java:69)
	at applogic1.ApplicationManager1.getMusicHelper(ApplicationManager1.java:69)
	at applogic1.ApplicationManager1.getMusicHelper(ApplicationManager1.java:69)
	at applogic1.ApplicationManager1.getMusicHelper(ApplicationManager1.java:69)
	at applogic1.ApplicationManager1.getMusicHelper(ApplicationManager1.java:69)
	at applogic1.ApplicationManager1.getMusicHelper(ApplicationManager1.java:69)
	at applogic1.ApplicationManager1.getMusicHelper(ApplicationManager1.java:69)
	at applogic1.ApplicationManager1.getMusicHelper(ApplicationManager1.java:69)
	at applogic1.ApplicationManager1.getMusicHelper(ApplicationManager1.java:69)
	at applogic1.ApplicationManager1.getMusicHelper(ApplicationManager1.java:69)
	at applogic1.ApplicationManager1.getMusicHelper(ApplicationManager1.java:69)
	at applogic1.ApplicationManager1.getMusicHelper(ApplicationManager1.java:69)
	at applogic1.ApplicationManager1.getMusicHelper(ApplicationManager1.java:69)
	at applogic1.ApplicationManager1.getMusicHelper(ApplicationManager1.java:69)
	at applogic1.ApplicationManager1.getMusicHelper(ApplicationManager1.java:69)
	at applogic1.ApplicationManager1.getMusicHelper(ApplicationManager1.java:69)
]]>
    </failure>
  </testcase> <!-- playAnyAlbumByUsingThePlayButtonOverTheImage -->
</testsuite> <!-- selenium.PlayMusic -->
