<?xml version="1.0" encoding="UTF-8"?>
<!-- Generated by org.testng.reporters.JUnitReportReporter -->
<testsuite hostname="JoMedias-Mac-mini.local" name="selenium.BookPageTest" tests="12" failures="0" timestamp="29 Jan 2015 14:58:30 GMT" time="465.833" errors="0">
  <testcase name="moreLikeReadBookOverImage" time="52.117" classname="selenium.BookPageTest"/>
  <testcase name="AddAnyBookToCollection" time="21.182" classname="selenium.BookPageTest"/>
  <testcase name="selectCSGenreMysteryInBook" time="52.226" classname="selenium.BookPageTest"/>
  <testcase name="MoreInfoPageOpen" time="51.327" classname="selenium.BookPageTest"/>
  <testcase name="moreLikeMoreLikeInPlusButton" time="36.898" classname="selenium.BookPageTest"/>
  <testcase name="playAnyBookPlayButtonOverTheImage" time="27.745" classname="selenium.BookPageTest"/>
  <testcase name="clickNeedHelp" time="32.115" classname="selenium.BookPageTest"/>
  <testcase name="playAnyBookNowButtonPlusMenu" time="37.259" classname="selenium.BookPageTest"/>
  <testcase name="moreLikeAddPlusMenu" time="47.521" classname="selenium.BookPageTest"/>
  <testcase name="moreLikeReadBookPlusMenu" time="47.370" classname="selenium.BookPageTest"/>
  <testcase name="PlayAnyBookFromCollection" time="27.896" classname="selenium.BookPageTest"/>
  <testcase name="clickAddCollectionButtoninMoreInfoPage" time="32.177" classname="selenium.BookPageTest"/>
</testsuite> <!-- selenium.BookPageTest -->
