<?xml version="1.0" encoding="UTF-8"?>
<!-- Generated by org.testng.reporters.JUnitReportReporter -->
<testsuite hostname="JoMedias-Mac-mini.local" name="selenium.SoftwareTest" tests="9" failures="0" timestamp="26 Nov 2014 14:09:58 GMT" time="181.111" errors="0">
  <testcase name="moreInfoPageAddtoCollection" time="20.702" classname="selenium.SoftwareTest"/>
  <testcase name="moreLikeDownloadSoftwareOverImage" time="12.798" classname="selenium.SoftwareTest"/>
  <testcase name="downloadAnySoftwarePlayButtonOverTheImage" time="35.906" classname="selenium.SoftwareTest"/>
  <testcase name="downloadNowAnySoftwareButtonPlusMenu" time="17.884" classname="selenium.SoftwareTest"/>
  <testcase name="clickNeedHelp" time="21.896" classname="selenium.SoftwareTest"/>
  <testcase name="MoreInfoSoftwareToCollection" time="5.876" classname="selenium.SoftwareTest"/>
  <testcase name="AddAnySoftwareToCollection" time="15.924" classname="selenium.SoftwareTest"/>
  <testcase name="downloadAnySoftwareNowInMoreInfo" time="28.275" classname="selenium.SoftwareTest"/>
  <testcase name="selectCSGenreGraphicInSoftware" time="21.850" classname="selenium.SoftwareTest"/>
</testsuite> <!-- selenium.SoftwareTest -->
