<?xml version="1.0" encoding="UTF-8"?>
<!-- Generated by org.testng.reporters.JUnitReportReporter -->
<testsuite hostname="JoMedias-Mac-mini.local" name="selenium.FirstTest" tests="2" failures="0" timestamp="19 Aug 2014 16:23:20 GMT" time="4.918" errors="0">
  <testcase name="login" time="0.247" classname="selenium.FirstTest"/>
  <testcase name="logout" time="4.671" classname="selenium.FirstTest"/>
</testsuite> <!-- selenium.FirstTest -->
