<?xml version="1.0" encoding="UTF-8"?>
<!-- Generated by org.testng.reporters.JUnitReportReporter -->
<testsuite hostname="JoMedias-Mac-mini.local" name="selenium.PlayMusicTest" tests="10" failures="0" timestamp="22 Jan 2015 11:18:31 GMT" time="330.787" errors="0">
  <testcase name="AddAnyAlbumToQueue" time="26.176" classname="selenium.PlayMusicTest"/>
  <testcase name="AddAnyAlbumToCollection" time="21.912" classname="selenium.PlayMusicTest"/>
  <testcase name="clickNeedHelp" time="22.023" classname="selenium.PlayMusicTest"/>
  <testcase name="playAnyAlbumByUsingThePlayNowButtonPlusMenu" time="49.944" classname="selenium.PlayMusicTest"/>
  <testcase name="playAnyAlbumByUsingThePlayButtonOverTheImage" time="42.262" classname="selenium.PlayMusicTest"/>
  <testcase name="selectCSGenrePopInMusic" time="61.291" classname="selenium.PlayMusicTest"/>
  <testcase name="clickAddCollectionButtoninMoreInfoPage" time="27.993" classname="selenium.PlayMusicTest"/>
  <testcase name="MoreInfoInPlusMenu" time="13.094" classname="selenium.PlayMusicTest"/>
  <testcase name="MoreLikeSectionPlayAlbomNow" time="49.102" classname="selenium.PlayMusicTest"/>
  <testcase name="PlayAnyAlbumFromCollection" time="16.990" classname="selenium.PlayMusicTest"/>
</testsuite> <!-- selenium.PlayMusicTest -->
