<?xml version="1.0" encoding="UTF-8"?>
<!-- Generated by org.testng.reporters.JUnitReportReporter -->
<testsuite hostname="JoMedias-Mac-mini.local" name="selenium.MyAccountTest" tests="4" failures="0" timestamp="24 Nov 2014 15:44:27 GMT" time="26.435" errors="0">
  <testcase name="changePassword" time="2.619" classname="selenium.MyAccountTest"/>
  <testcase name="changeMethodPayment" time="3.051" classname="selenium.MyAccountTest"/>
  <testcase name="changeEmail" time="8.504" classname="selenium.MyAccountTest"/>
  <testcase name="changeLanguage" time="12.261" classname="selenium.MyAccountTest"/>
</testsuite> <!-- selenium.MyAccountTest -->
