<?xml version="1.0" encoding="UTF-8"?>
<!-- Generated by org.testng.reporters.JUnitReportReporter -->
<testsuite hostname="JoMedias-Mac-mini.local" name="selenium.LoginTest" tests="2" failures="0" timestamp="16 May 2014 16:55:13 GMT" time="90.730" errors="0">
  <testcase name="movie" time="69.185" classname="selenium.LoginTest"/>
  <testcase name="loginTest" time="21.545" classname="selenium.LoginTest"/>
</testsuite> <!-- selenium.LoginTest -->
